<?xml version="1.0" encoding="UTF-8"?>
<testsuite errors="0" failures="0" hostname="thinkpad-t61" name="cn.edu.buaa.guessnumber.GuessNumber_Test" tests="9" time="0.125" timestamp="2012-12-20T14:43:39">
  <properties />
  <testcase classname="cn.edu.buaa.guessnumber.GuessNumber_Test" name="should_be_return_1a0b" time="0.016" />
  <testcase classname="cn.edu.buaa.guessnumber.GuessNumber_Test" name="should_be_return_2a0b" time="0.0" />
  <testcase classname="cn.edu.buaa.guessnumber.GuessNumber_Test" name="should_be_return_3a0b" time="0.0" />
  <testcase classname="cn.edu.buaa.guessnumber.GuessNumber_Test" name="should_be_return_4a0b" time="0.0" />
  <testcase classname="cn.edu.buaa.guessnumber.GuessNumber_Test" name="should_be_return_0a1b" time="0.0" />
  <testcase classname="cn.edu.buaa.guessnumber.GuessNumber_Test" name="should_be_return_0a2b" time="0.0" />
  <testcase classname="cn.edu.buaa.guessnumber.GuessNumber_Test" name="should_be_return_0a3b" time="0.0" />
  <testcase classname="cn.edu.buaa.guessnumber.GuessNumber_Test" name="should_be_return_0a4b" time="0.0" />
  <testcase classname="cn.edu.buaa.guessnumber.GuessNumber_Test" name="should_be_return_1a1b" time="0.0" />
  <system-out><![CDATA[]]></system-out>
  <system-err><![CDATA[]]></system-err>
</testsuite>
